2026-04-27 13:28:50 [INFO] 系统初始化完毕，等待启动监控。
2026-04-27 13:29:42 [INFO] 系统初始化完毕，等待启动监控。
2026-04-27 13:29:50 [INFO] 配置已保存。
2026-04-27 13:29:52 [INFO] 监控已启动。
2026-04-27 13:37:31 [INFO] 系统初始化完毕，等待启动监控。
2026-04-27 13:37:40 [INFO] 监控已启动。
2026-04-27 13:37:49 [INFO] 系统初始化完毕，等待启动监控。
2026-04-27 13:41:05 [INFO] 系统初始化完毕，等待启动监控。
2026-04-27 13:41:10 [INFO] 配置已保存。
2026-04-27 13:41:36 [INFO] 手动结束进程成功: trae (PID: 6739)
2026-04-27 13:49:27 [INFO] 系统初始化完毕，等待启动监控。
2026-04-27 13:50:45 [INFO] 监控已启动。
2026-04-27 13:51:39 [INFO] 配置已保存。
2026-04-27 13:55:19 [INFO] 系统初始化完毕，等待启动监控。
2026-04-27 13:55:25 [INFO] 监控已启动。
2026-04-27 13:55:28 [INFO] 配置已保存。
2026-04-27 13:57:52 [INFO] 正在执行 [1/3]: sudo systemctl stop elasticsearch
2026-04-27 13:57:55 [INFO] [1/3] 执行完毕。
2026-04-27 13:57:55 [INFO] 等待 15 秒后检测内存状态，再决定是否执行下一条指令...
2026-04-27 13:57:55 [INFO] ==== 内存恢复安全水平，自动重置 ====
2026-04-27 14:01:48 [INFO] 监控已暂停。
2026-04-27 14:04:57 [INFO] 系统初始化完毕，等待启动监控。
2026-04-27 14:05:00 [INFO] 配置已保存。
2026-04-27 14:05:05 [INFO] 监控已启动。
2026-04-27 14:05:09 [INFO] 窗口已最小化到后台，监控继续运行中。点击任务栏图标可恢复窗口。
2026-04-27 14:26:20 [INFO] 窗口已最小化到后台，监控继续运行中。点击任务栏图标可恢复窗口。
2026-04-27 14:26:24 [INFO] 监控已暂停。
2026-04-27 14:26:27 [INFO] 系统初始化完毕，等待启动监控。
2026-04-27 14:26:29 [INFO] 监控已启动。
2026-04-27 14:26:34 [INFO] 配置已保存。
2026-04-27 14:26:44 [INFO] 窗口已最小化到后台，监控继续运行中。点击任务栏图标可恢复窗口。
